#
# There is insufficient memory for the Java Runtime Environment to continue.
# Native memory allocation (mmap) failed to map 48234496 bytes for committing reserved memory.
# Possible reasons:
#   The system is out of physical RAM or swap space
#   In 32 bit mode, the process size limit was hit
# Possible solutions:
#   Reduce memory load on the system
#   Increase physical memory or swap space
#   Check if swap backing store is full
#   Use 64 bit Java on a 64 bit OS
#   Decrease Java heap size (-Xmx/-Xms)
#   Decrease number of Java threads
#   Decrease Java thread stack sizes (-Xss)
#   Set larger code cache with -XX:ReservedCodeCacheSize=
# This output file may be truncated or incomplete.
#
#  Out of Memory Error (os_linux.cpp:2671), pid=9755, tid=140565987440384
#
# JRE version: Java(TM) SE Runtime Environment (8.0_25-b17) (build 1.8.0_25-b17)
# Java VM: Java HotSpot(TM) 64-Bit Server VM (25.25-b02 mixed mode linux-amd64 compressed oops)
# Failed to write core dump. Core dumps have been disabled. To enable core dumping, try "ulimit -c unlimited" before starting Java again
#

---------------  T H R E A D  ---------------

Current thread (0x00007fd8280f6000):  VMThread [stack: 0x00007fd811afb000,0x00007fd811bfc000] [id=9767]

Stack: [0x00007fd811afb000,0x00007fd811bfc000],  sp=0x00007fd811bfa240,  free space=1020k
Native frames: (J=compiled Java code, j=interpreted, Vv=VM code, C=native code)
V  [libjvm.so+0xa7923a]  VMError::report_and_die()+0x2ca
V  [libjvm.so+0x4e552b]  report_vm_out_of_memory(char const*, int, unsigned long, VMErrorType, char const*)+0x8b
V  [libjvm.so+0x8e5613]  os::Linux::commit_memory_impl(char*, unsigned long, bool)+0x103
V  [libjvm.so+0x8e5b69]  os::pd_commit_memory(char*, unsigned long, unsigned long, bool)+0x29
V  [libjvm.so+0x8df83a]  os::commit_memory(char*, unsigned long, unsigned long, bool)+0x2a
V  [libjvm.so+0x94f923]  PSVirtualSpace::expand_by(unsigned long)+0x53
V  [libjvm.so+0x950d28]  PSYoungGen::resize_generation(unsigned long, unsigned long)+0xf8
V  [libjvm.so+0x94fe82]  PSYoungGen::resize(unsigned long, unsigned long)+0x22
V  [libjvm.so+0x94d163]  PSScavenge::invoke_no_policy()+0xf53
V  [libjvm.so+0x94d8e1]  PSScavenge::invoke()+0x41
V  [libjvm.so+0x907800]  ParallelScavengeHeap::failed_mem_allocate(unsigned long)+0x70
V  [libjvm.so+0xa7a8b7]  VM_ParallelGCFailedAllocation::doit()+0x97
V  [libjvm.so+0xa81fd5]  VM_Operation::evaluate()+0x55
V  [libjvm.so+0xa803aa]  VMThread::evaluate_operation(VM_Operation*)+0xba
V  [libjvm.so+0xa8072e]  VMThread::loop()+0x1ce
V  [libjvm.so+0xa80ba0]  VMThread::run()+0x70
V  [libjvm.so+0x8e7d48]  java_start(Thread*)+0x108

VM_Operation (0x00007fd82fa3e0c0): ParallelGCFailedAllocation, mode: safepoint, requested by thread 0x00007fd828009800


---------------  P R O C E S S  ---------------

Java Threads: ( => current thread )
  0x00007fd828136000 JavaThread "Service Thread" daemon [_thread_blocked, id=9773, stack(0x00007fd81136c000,0x00007fd81146d000)]
  0x00007fd828131000 JavaThread "C1 CompilerThread1" daemon [_thread_blocked, id=9772, stack(0x00007fd81146d000,0x00007fd81156e000)]
  0x00007fd82812e800 JavaThread "C2 CompilerThread0" daemon [_thread_blocked, id=9771, stack(0x00007fd81156e000,0x00007fd81166f000)]
  0x00007fd82812c000 JavaThread "Signal Dispatcher" daemon [_thread_blocked, id=9770, stack(0x00007fd81166f000,0x00007fd811770000)]
  0x00007fd8280ff000 JavaThread "Finalizer" daemon [_thread_blocked, id=9769, stack(0x00007fd8118f9000,0x00007fd8119fa000)]
  0x00007fd8280fd000 JavaThread "Reference Handler" daemon [_thread_blocked, id=9768, stack(0x00007fd8119fa000,0x00007fd811afb000)]
  0x00007fd828009800 JavaThread "main" [_thread_blocked, id=9764, stack(0x00007fd82f93f000,0x00007fd82fa40000)]

Other Threads:
=>0x00007fd8280f6000 VMThread [stack: 0x00007fd811afb000,0x00007fd811bfc000] [id=9767]
  0x00007fd82813b000 WatcherThread [stack: 0x00007fd81126b000,0x00007fd81136c000] [id=9774]

VM state:at safepoint (normal execution)

VM Mutex/Monitor currently owned by a thread:  ([mutex/lock_event])
[0x00007fd828006020] Threads_lock - owner thread: 0x00007fd8280f6000
[0x00007fd828006520] Heap_lock - owner thread: 0x00007fd828009800

Heap:
 PSYoungGen      total 57344K, used 5910K [0x00000000eab00000, 0x00000000eec00000, 0x0000000100000000)
  eden space 48640K, 0% used [0x00000000eab00000,0x00000000eab00000,0x00000000eda80000)
  from space 8704K, 67% used [0x00000000eda80000,0x00000000ee045a40,0x00000000ee300000)
  to   space 8192K, 0% used [0x00000000ee300000,0x00000000ee300000,0x00000000eeb00000)
 ParOldGen       total 31744K, used 24067K [0x00000000c0000000, 0x00000000c1f00000, 0x00000000eab00000)
  object space 31744K, 75% used [0x00000000c0000000,0x00000000c1780ef0,0x00000000c1f00000)
 Metaspace       used 6678K, capacity 7384K, committed 7680K, reserved 1056768K
  class space    used 654K, capacity 656K, committed 768K, reserved 1048576K

Card table byte_map: [0x00007fd82c56b000,0x00007fd82c76c000] byte_map_base: 0x00007fd82bf6b000

Marking Bits: (ParMarkBitMap*) 0x00007fd82ee1c2c0
 Begin Bits: [0x00007fd812000000, 0x00007fd813000000)
 End Bits:   [0x00007fd813000000, 0x00007fd814000000)

Polling page: 0x00007fd82fa5b000

CodeCache: size=245760Kb used=5692Kb max_used=5692Kb free=240067Kb
 bounds [0x00007fd819000000, 0x00007fd8195a0000, 0x00007fd828000000]
 total_blobs=2151 nmethods=1864 adapters=203
 compilation: enabled

Compilation events (10 events):
Event: 6.708 Thread 0x00007fd828131000 1888       2       java.util.TimSort::ensureCapacity (107 bytes)
Event: 6.708 Thread 0x00007fd828131000 nmethod 1888 0x00007fd819592310 code [0x00007fd819592480, 0x00007fd8195926f8]
Event: 6.717 Thread 0x00007fd828131000 1889       2       com.android.dx.io.instructions.InstructionCodec::access$1700 (5 bytes)
Event: 6.718 Thread 0x00007fd828131000 nmethod 1889 0x00007fd819591f10 code [0x00007fd819592080, 0x00007fd819592248]
Event: 6.718 Thread 0x00007fd828131000 1890       2       com.android.dx.io.instructions.InstructionCodec::asUnsignedUnit (20 bytes)
Event: 6.718 Thread 0x00007fd828131000 nmethod 1890 0x00007fd819591b10 code [0x00007fd819591c80, 0x00007fd819591e48]
Event: 6.718 Thread 0x00007fd828131000 1891       1       com.android.dx.io.instructions.PackedSwitchPayloadDecodedInstruction::getTargets (5 bytes)
Event: 6.718 Thread 0x00007fd828131000 nmethod 1891 0x00007fd819591850 code [0x00007fd8195919a0, 0x00007fd819591ab0]
Event: 6.718 Thread 0x00007fd828131000 1892       1       com.android.dx.io.instructions.PackedSwitchPayloadDecodedInstruction::getFirstKey (5 bytes)
Event: 6.718 Thread 0x00007fd828131000 nmethod 1892 0x00007fd819591590 code [0x00007fd8195916e0, 0x00007fd8195917f0]

GC Heap History (10 events):
Event: 3.112 GC heap after
Heap after GC invocations=2 (full 0):
 PSYoungGen      total 13824K, used 1504K [0x00000000eab00000, 0x00000000ec600000, 0x0000000100000000)
  eden space 12288K, 0% used [0x00000000eab00000,0x00000000eab00000,0x00000000eb700000)
  from space 1536K, 97% used [0x00000000eb880000,0x00000000eb9f8018,0x00000000eba00000)
  to   space 1536K, 0% used [0x00000000eb700000,0x00000000eb700000,0x00000000eb880000)
 ParOldGen       total 31744K, used 7984K [0x00000000c0000000, 0x00000000c1f00000, 0x00000000eab00000)
  object space 31744K, 25% used [0x00000000c0000000,0x00000000c07cc038,0x00000000c1f00000)
 Metaspace       used 4989K, capacity 6416K, committed 6528K, reserved 1056768K
  class space    used 499K, capacity 584K, committed 640K, reserved 1048576K
}
Event: 3.351 GC heap before
{Heap before GC invocations=3 (full 0):
 PSYoungGen      total 13824K, used 10147K [0x00000000eab00000, 0x00000000ec600000, 0x0000000100000000)
  eden space 12288K, 70% used [0x00000000eab00000,0x00000000eb370fd8,0x00000000eb700000)
  from space 1536K, 97% used [0x00000000eb880000,0x00000000eb9f8018,0x00000000eba00000)
  to   space 1536K, 0% used [0x00000000eb700000,0x00000000eb700000,0x00000000eb880000)
 ParOldGen       total 31744K, used 7984K [0x00000000c0000000, 0x00000000c1f00000, 0x00000000eab00000)
  object space 31744K, 25% used [0x00000000c0000000,0x00000000c07cc038,0x00000000c1f00000)
 Metaspace       used 4990K, capacity 6416K, committed 6528K, reserved 1056768K
  class space    used 499K, capacity 584K, committed 640K, reserved 1048576K
Event: 3.362 GC heap after
Heap after GC invocations=3 (full 0):
 PSYoungGen      total 13824K, used 1520K [0x00000000eab00000, 0x00000000ec600000, 0x0000000100000000)
  eden space 12288K, 0% used [0x00000000eab00000,0x00000000eab00000,0x00000000eb700000)
  from space 1536K, 98% used [0x00000000eb700000,0x00000000eb87c028,0x00000000eb880000)
  to   space 1536K, 0% used [0x00000000ec480000,0x00000000ec480000,0x00000000ec600000)
 ParOldGen       total 31744K, used 11674K [0x00000000c0000000, 0x00000000c1f00000, 0x00000000eab00000)
  object space 31744K, 36% used [0x00000000c0000000,0x00000000c0b66890,0x00000000c1f00000)
 Metaspace       used 4990K, capacity 6416K, committed 6528K, reserved 1056768K
  class space    used 499K, capacity 584K, committed 640K, reserved 1048576K
}
Event: 4.109 GC heap before
{Heap before GC invocations=4 (full 0):
 PSYoungGen      total 13824K, used 13808K [0x00000000eab00000, 0x00000000ec600000, 0x0000000100000000)
  eden space 12288K, 100% used [0x00000000eab00000,0x00000000eb700000,0x00000000eb700000)
  from space 1536K, 98% used [0x00000000eb700000,0x00000000eb87c028,0x00000000eb880000)
  to   space 1536K, 0% used [0x00000000ec480000,0x00000000ec480000,0x00000000ec600000)
 ParOldGen       total 31744K, used 11674K [0x00000000c0000000, 0x00000000c1f00000, 0x00000000eab00000)
  object space 31744K, 36% used [0x00000000c0000000,0x00000000c0b66890,0x00000000c1f00000)
 Metaspace       used 5943K, capacity 6896K, committed 7040K, reserved 1056768K
  class space    used 581K, capacity 616K, committed 640K, reserved 1048576K
Event: 4.127 GC heap after
Heap after GC invocations=4 (full 0):
 PSYoungGen      total 26112K, used 1520K [0x00000000eab00000, 0x00000000ec600000, 0x0000000100000000)
  eden space 24576K, 0% used [0x00000000eab00000,0x00000000eab00000,0x00000000ec300000)
  from space 1536K, 98% used [0x00000000ec480000,0x00000000ec5fc028,0x00000000ec600000)
  to   space 1536K, 0% used [0x00000000ec300000,0x00000000ec300000,0x00000000ec480000)
 ParOldGen       total 31744K, used 16163K [0x00000000c0000000, 0x00000000c1f00000, 0x00000000eab00000)
  object space 31744K, 50% used [0x00000000c0000000,0x00000000c0fc8d50,0x00000000c1f00000)
 Metaspace       used 5943K, capacity 6896K, committed 7040K, reserved 1056768K
  class space    used 581K, capacity 616K, committed 640K, reserved 1048576K
}
Event: 4.618 GC heap before
{Heap before GC invocations=5 (full 0):
 PSYoungGen      total 26112K, used 26096K [0x00000000eab00000, 0x00000000ec600000, 0x0000000100000000)
  eden space 24576K, 100% used [0x00000000eab00000,0x00000000ec300000,0x00000000ec300000)
  from space 1536K, 98% used [0x00000000ec480000,0x00000000ec5fc028,0x00000000ec600000)
  to   space 1536K, 0% used [0x00000000ec300000,0x00000000ec300000,0x00000000ec480000)
 ParOldGen       total 31744K, used 16163K [0x00000000c0000000, 0x00000000c1f00000, 0x00000000eab00000)
  object space 31744K, 50% used [0x00000000c0000000,0x00000000c0fc8d50,0x00000000c1f00000)
 Metaspace       used 6629K, capacity 7382K, committed 7680K, reserved 1056768K
  class space    used 652K, capacity 654K, committed 768K, reserved 1048576K
Event: 4.634 GC heap after
Heap after GC invocations=5 (full 0):
 PSYoungGen      total 26112K, used 1505K [0x00000000eab00000, 0x00000000eeb00000, 0x0000000100000000)
  eden space 24576K, 0% used [0x00000000eab00000,0x00000000eab00000,0x00000000ec300000)
  from space 1536K, 98% used [0x00000000ec300000,0x00000000ec478688,0x00000000ec480000)
  to   space 8192K, 0% used [0x00000000ee300000,0x00000000ee300000,0x00000000eeb00000)
 ParOldGen       total 31744K, used 22611K [0x00000000c0000000, 0x00000000c1f00000, 0x00000000eab00000)
  object space 31744K, 71% used [0x00000000c0000000,0x00000000c1614c48,0x00000000c1f00000)
 Metaspace       used 6629K, capacity 7382K, committed 7680K, reserved 1056768K
  class space    used 652K, capacity 654K, committed 768K, reserved 1048576K
}
Event: 4.828 GC heap before
{Heap before GC invocations=6 (full 0):
 PSYoungGen      total 26112K, used 25447K [0x00000000eab00000, 0x00000000eeb00000, 0x0000000100000000)
  eden space 24576K, 97% used [0x00000000eab00000,0x00000000ec261700,0x00000000ec300000)
  from space 1536K, 98% used [0x00000000ec300000,0x00000000ec478688,0x00000000ec480000)
  to   space 8192K, 0% used [0x00000000ee300000,0x00000000ee300000,0x00000000eeb00000)
 ParOldGen       total 31744K, used 22611K [0x00000000c0000000, 0x00000000c1f00000, 0x00000000eab00000)
  object space 31744K, 71% used [0x00000000c0000000,0x00000000c1614c48,0x00000000c1f00000)
 Metaspace       used 6663K, capacity 7384K, committed 7680K, reserved 1056768K
  class space    used 653K, capacity 656K, committed 768K, reserved 1048576K
Event: 4.840 GC heap after
Heap after GC invocations=6 (full 0):
 PSYoungGen      total 56832K, used 3134K [0x00000000eab00000, 0x00000000eec00000, 0x0000000100000000)
  eden space 48640K, 0% used [0x00000000eab00000,0x00000000eab00000,0x00000000eda80000)
  from space 8192K, 38% used [0x00000000ee300000,0x00000000ee60fa30,0x00000000eeb00000)
  to   space 8704K, 0% used [0x00000000eda80000,0x00000000eda80000,0x00000000ee300000)
 ParOldGen       total 31744K, used 22611K [0x00000000c0000000, 0x00000000c1f00000, 0x00000000eab00000)
  object space 31744K, 71% used [0x00000000c0000000,0x00000000c1614c48,0x00000000c1f00000)
 Metaspace       used 6663K, capacity 7384K, committed 7680K, reserved 1056768K
  class space    used 653K, capacity 656K, committed 768K, reserved 1048576K
}
Event: 6.746 GC heap before
{Heap before GC invocations=7 (full 0):
 PSYoungGen      total 56832K, used 51774K [0x00000000eab00000, 0x00000000eec00000, 0x0000000100000000)
  eden space 48640K, 100% used [0x00000000eab00000,0x00000000eda80000,0x00000000eda80000)
  from space 8192K, 38% used [0x00000000ee300000,0x00000000ee60fa30,0x00000000eeb00000)
  to   space 8704K, 0% used [0x00000000eda80000,0x00000000eda80000,0x00000000ee300000)
 ParOldGen       total 31744K, used 22611K [0x00000000c0000000, 0x00000000c1f00000, 0x00000000eab00000)
  object space 31744K, 71% used [0x00000000c0000000,0x00000000c1614c48,0x00000000c1f00000)
 Metaspace       used 6678K, capacity 7384K, committed 7680K, reserved 1056768K
  class space    used 654K, capacity 656K, committed 768K, reserved 1048576K

Deoptimization events (10 events):
Event: 3.940 Thread 0x00007fd828009800 Uncommon trap: reason=speculate_class_check action=maybe_recompile pc=0x00007fd81941c080 method=java.util.HashMap.putVal(ILjava/lang/Object;Ljava/lang/Object;ZZ)Ljava/lang/Object; @ 152
Event: 3.940 Thread 0x00007fd828009800 Uncommon trap: reason=speculate_class_check action=maybe_recompile pc=0x00007fd81941c080 method=java.util.HashMap.putVal(ILjava/lang/Object;Ljava/lang/Object;ZZ)Ljava/lang/Object; @ 152
Event: 3.941 Thread 0x00007fd828009800 Uncommon trap: reason=class_check action=maybe_recompile pc=0x00007fd8193a31e4 method=java.util.HashMap.putVal(ILjava/lang/Object;Ljava/lang/Object;ZZ)Ljava/lang/Object; @ 56
Event: 3.941 Thread 0x00007fd828009800 Uncommon trap: reason=class_check action=maybe_recompile pc=0x00007fd8193a31e4 method=java.util.HashMap.putVal(ILjava/lang/Object;Ljava/lang/Object;ZZ)Ljava/lang/Object; @ 56
Event: 3.941 Thread 0x00007fd828009800 Uncommon trap: reason=class_check action=maybe_recompile pc=0x00007fd8193a31e4 method=java.util.HashMap.putVal(ILjava/lang/Object;Ljava/lang/Object;ZZ)Ljava/lang/Object; @ 56
Event: 3.941 Thread 0x00007fd828009800 Uncommon trap: reason=class_check action=maybe_recompile pc=0x00007fd8193a31e4 method=java.util.HashMap.putVal(ILjava/lang/Object;Ljava/lang/Object;ZZ)Ljava/lang/Object; @ 56
Event: 4.167 Thread 0x00007fd828009800 Uncommon trap: reason=unreached action=reinterpret pc=0x00007fd819431ac0 method=java.util.HashMap.putVal(ILjava/lang/Object;Ljava/lang/Object;ZZ)Ljava/lang/Object; @ 109
Event: 4.366 Thread 0x00007fd828009800 Uncommon trap: reason=predicate action=maybe_recompile pc=0x00007fd8194b7df0 method=com.android.dex.Leb128.readUnsignedLeb128(Lcom/android/dex/util/ByteInput;)I @ 41
Event: 4.432 Thread 0x00007fd828009800 Uncommon trap: reason=unreached action=reinterpret pc=0x00007fd81938af04 method=java.util.HashMap.getNode(ILjava/lang/Object;)Ljava/util/HashMap$Node; @ 84
Event: 4.433 Thread 0x00007fd828009800 Uncommon trap: reason=unreached action=reinterpret pc=0x00007fd81938a988 method=java.util.HashMap.getNode(ILjava/lang/Object;)Ljava/util/HashMap$Node; @ 84

Internal exceptions (10 events):
Event: 4.219 Thread 0x00007fd828009800 Exception <a 'java/security/PrivilegedActionException'> (0x00000000eac69990) thrown at [/HUDSON/workspace/8-2-build-linux-amd64/jdk8u25/1514/hotspot/src/share/vm/prims/jvm.cpp, line 1312]
Event: 4.219 Thread 0x00007fd828009800 Exception <a 'java/security/PrivilegedActionException'> (0x00000000eac6cef0) thrown at [/HUDSON/workspace/8-2-build-linux-amd64/jdk8u25/1514/hotspot/src/share/vm/prims/jvm.cpp, line 1312]
Event: 4.219 Thread 0x00007fd828009800 Exception <a 'java/security/PrivilegedActionException'> (0x00000000eac705a0) thrown at [/HUDSON/workspace/8-2-build-linux-amd64/jdk8u25/1514/hotspot/src/share/vm/prims/jvm.cpp, line 1312]
Event: 4.221 Thread 0x00007fd828009800 Exception <a 'java/security/PrivilegedActionException'> (0x00000000eac75bc8) thrown at [/HUDSON/workspace/8-2-build-linux-amd64/jdk8u25/1514/hotspot/src/share/vm/prims/jvm.cpp, line 1312]
Event: 4.222 Thread 0x00007fd828009800 Exception <a 'java/security/PrivilegedActionException'> (0x00000000eac78c38) thrown at [/HUDSON/workspace/8-2-build-linux-amd64/jdk8u25/1514/hotspot/src/share/vm/prims/jvm.cpp, line 1312]
Event: 4.222 Thread 0x00007fd828009800 Exception <a 'java/security/PrivilegedActionException'> (0x00000000eac7be68) thrown at [/HUDSON/workspace/8-2-build-linux-amd64/jdk8u25/1514/hotspot/src/share/vm/prims/jvm.cpp, line 1312]
Event: 4.223 Thread 0x00007fd828009800 Exception <a 'java/security/PrivilegedActionException'> (0x00000000eac7f4d0) thrown at [/HUDSON/workspace/8-2-build-linux-amd64/jdk8u25/1514/hotspot/src/share/vm/prims/jvm.cpp, line 1312]
Event: 4.226 Thread 0x00007fd828009800 Exception <a 'java/security/PrivilegedActionException'> (0x00000000eacc6a40) thrown at [/HUDSON/workspace/8-2-build-linux-amd64/jdk8u25/1514/hotspot/src/share/vm/prims/jvm.cpp, line 1312]
Event: 4.227 Thread 0x00007fd828009800 Exception <a 'java/security/PrivilegedActionException'> (0x00000000eacc8e20) thrown at [/HUDSON/workspace/8-2-build-linux-amd64/jdk8u25/1514/hotspot/src/share/vm/prims/jvm.cpp, line 1312]
Event: 5.482 Thread 0x00007fd828009800 Exception <a 'java/security/PrivilegedActionException'> (0x00000000eccca118) thrown at [/HUDSON/workspace/8-2-build-linux-amd64/jdk8u25/1514/hotspot/src/share/vm/prims/jvm.cpp, line 1312]

Events (10 events):
Event: 4.840 Executing VM operation: ParallelGCFailedAllocation done
Event: 5.392 Thread 0x00007fd828009800 DEOPT PACKING pc=0x00007fd81953fdd6 sp=0x00007fd82fa3e2a0
Event: 5.392 Thread 0x00007fd828009800 DEOPT UNPACKING pc=0x00007fd819046f73 sp=0x00007fd82fa3dfe0 mode 0
Event: 5.396 Executing VM operation: EnableBiasedLocking
Event: 5.397 Executing VM operation: EnableBiasedLocking done
Event: 5.405 Thread 0x00007fd828009800 DEOPT PACKING pc=0x00007fd819510299 sp=0x00007fd82fa3e250
Event: 5.405 Thread 0x00007fd828009800 DEOPT UNPACKING pc=0x00007fd819046f73 sp=0x00007fd82fa3df60 mode 0
Event: 5.482 loading class com/android/dex/Dex$1
Event: 5.482 loading class com/android/dex/Dex$1 done
Event: 6.746 Executing VM operation: ParallelGCFailedAllocation


Dynamic libraries:
00400000-00401000 r-xp 00000000 07:00 455696                             /usr/lib/jvm/jdk1.8.0/bin/java
00600000-00601000 rw-p 00000000 07:00 455696                             /usr/lib/jvm/jdk1.8.0/bin/java
015d5000-015f6000 rw-p 00000000 00:00 0                                  [heap]
c0000000-c1f00000 rw-p 00000000 00:00 0 
c1f00000-eab00000 ---p 00000000 00:00 0 
eab00000-eec00000 rw-p 00000000 00:00 0 
f1a00000-100000000 ---p 00000000 00:00 0 
100000000-1000c0000 rw-p 00000000 00:00 0 
1000c0000-140000000 ---p 00000000 00:00 0 
7fd7ec000000-7fd7ec021000 rw-p 00000000 00:00 0 
7fd7ec021000-7fd7f0000000 ---p 00000000 00:00 0 
7fd7f0000000-7fd7f0021000 rw-p 00000000 00:00 0 
7fd7f0021000-7fd7f4000000 ---p 00000000 00:00 0 
7fd7f4000000-7fd7f4a1d000 rw-p 00000000 00:00 0 
7fd7f4a1d000-7fd7f8000000 ---p 00000000 00:00 0 
7fd7f8000000-7fd7f864b000 rw-p 00000000 00:00 0 
7fd7f864b000-7fd7fc000000 ---p 00000000 00:00 0 
7fd7fc000000-7fd7fc021000 rw-p 00000000 00:00 0 
7fd7fc021000-7fd800000000 ---p 00000000 00:00 0 
7fd800000000-7fd800021000 rw-p 00000000 00:00 0 
7fd800021000-7fd804000000 ---p 00000000 00:00 0 
7fd804000000-7fd80427c000 rw-p 00000000 00:00 0 
7fd80427c000-7fd808000000 ---p 00000000 00:00 0 
7fd808000000-7fd808021000 rw-p 00000000 00:00 0 
7fd808021000-7fd80c000000 ---p 00000000 00:00 0 
7fd80c000000-7fd80c021000 rw-p 00000000 00:00 0 
7fd80c021000-7fd810000000 ---p 00000000 00:00 0 
7fd81126b000-7fd81126c000 ---p 00000000 00:00 0 
7fd81126c000-7fd81136c000 rw-p 00000000 00:00 0                          [stack:9774]
7fd81136c000-7fd81136f000 ---p 00000000 00:00 0 
7fd81136f000-7fd81146d000 rw-p 00000000 00:00 0                          [stack:9773]
7fd81146d000-7fd811470000 ---p 00000000 00:00 0 
7fd811470000-7fd81156e000 rw-p 00000000 00:00 0                          [stack:9772]
7fd81156e000-7fd811571000 ---p 00000000 00:00 0 
7fd811571000-7fd81166f000 rw-p 00000000 00:00 0                          [stack:9771]
7fd81166f000-7fd811672000 ---p 00000000 00:00 0 
7fd811672000-7fd811770000 rw-p 00000000 00:00 0                          [stack:9770]
7fd811770000-7fd8118f9000 r--p 00000000 07:00 912385                     /usr/lib/locale/locale-archive
7fd8118f9000-7fd8118fc000 ---p 00000000 00:00 0 
7fd8118fc000-7fd8119fa000 rw-p 00000000 00:00 0                          [stack:9769]
7fd8119fa000-7fd8119fd000 ---p 00000000 00:00 0 
7fd8119fd000-7fd811afb000 rw-p 00000000 00:00 0                          [stack:9768]
7fd811afb000-7fd811afc000 ---p 00000000 00:00 0 
7fd811afc000-7fd814000000 rw-p 00000000 00:00 0                          [stack:9767]
7fd814000000-7fd814021000 rw-p 00000000 00:00 0 
7fd814021000-7fd818000000 ---p 00000000 00:00 0 
7fd8180af000-7fd8185b4000 rw-p 00000000 00:00 0 
7fd8185b4000-7fd81878a000 r--s 03caa000 07:00 434425                     /usr/lib/jvm/jdk1.8.0/jre/lib/rt.jar
7fd81878a000-7fd818ec0000 rw-p 00000000 00:00 0 
7fd818ec0000-7fd819000000 ---p 00000000 00:00 0 
7fd819000000-7fd8195a0000 rwxp 00000000 00:00 0 
7fd8195a0000-7fd828000000 ---p 00000000 00:00 0 
7fd828000000-7fd8283f3000 rw-p 00000000 00:00 0 
7fd8283f3000-7fd82c000000 ---p 00000000 00:00 0 
7fd82c013000-7fd82c213000 rw-p 00000000 00:00 0 
7fd82c213000-7fd82c214000 ---p 00000000 00:00 0 
7fd82c214000-7fd82c314000 rw-p 00000000 00:00 0                          [stack:9766]
7fd82c314000-7fd82c315000 ---p 00000000 00:00 0 
7fd82c315000-7fd82c425000 rw-p 00000000 00:00 0                          [stack:9765]
7fd82c425000-7fd82c56b000 ---p 00000000 00:00 0 
7fd82c56b000-7fd82c57b000 rw-p 00000000 00:00 0 
7fd82c57b000-7fd82c6c0000 ---p 00000000 00:00 0 
7fd82c6c0000-7fd82c6e1000 rw-p 00000000 00:00 0 
7fd82c6e1000-7fd82c76b000 ---p 00000000 00:00 0 
7fd82c76b000-7fd82c783000 rw-p 00000000 00:00 0 
7fd82c783000-7fd82cb2c000 ---p 00000000 00:00 0 
7fd82cb2c000-7fd82cb46000 r-xp 00000000 07:00 613378                     /usr/lib/jvm/jdk1.8.0/jre/lib/amd64/libzip.so
7fd82cb46000-7fd82cd46000 ---p 0001a000 07:00 613378                     /usr/lib/jvm/jdk1.8.0/jre/lib/amd64/libzip.so
7fd82cd46000-7fd82cd47000 rw-p 0001a000 07:00 613378                     /usr/lib/jvm/jdk1.8.0/jre/lib/amd64/libzip.so
7fd82cd47000-7fd82cd53000 r-xp 00000000 07:00 882694                     /lib/x86_64-linux-gnu/libnss_files-2.15.so
7fd82cd53000-7fd82cf52000 ---p 0000c000 07:00 882694                     /lib/x86_64-linux-gnu/libnss_files-2.15.so
7fd82cf52000-7fd82cf53000 r--p 0000b000 07:00 882694                     /lib/x86_64-linux-gnu/libnss_files-2.15.so
7fd82cf53000-7fd82cf54000 rw-p 0000c000 07:00 882694                     /lib/x86_64-linux-gnu/libnss_files-2.15.so
7fd82cf54000-7fd82cf5e000 r-xp 00000000 07:00 882698                     /lib/x86_64-linux-gnu/libnss_nis-2.15.so
7fd82cf5e000-7fd82d15e000 ---p 0000a000 07:00 882698                     /lib/x86_64-linux-gnu/libnss_nis-2.15.so
7fd82d15e000-7fd82d15f000 r--p 0000a000 07:00 882698                     /lib/x86_64-linux-gnu/libnss_nis-2.15.so
7fd82d15f000-7fd82d160000 rw-p 0000b000 07:00 882698                     /lib/x86_64-linux-gnu/libnss_nis-2.15.so
7fd82d160000-7fd82d177000 r-xp 00000000 07:00 882710                     /lib/x86_64-linux-gnu/libnsl-2.15.so
7fd82d177000-7fd82d376000 ---p 00017000 07:00 882710                     /lib/x86_64-linux-gnu/libnsl-2.15.so
7fd82d376000-7fd82d377000 r--p 00016000 07:00 882710                     /lib/x86_64-linux-gnu/libnsl-2.15.so
7fd82d377000-7fd82d378000 rw-p 00017000 07:00 882710                     /lib/x86_64-linux-gnu/libnsl-2.15.so
7fd82d378000-7fd82d37a000 rw-p 00000000 00:00 0 
7fd82d37a000-7fd82d382000 r-xp 00000000 07:00 882692                     /lib/x86_64-linux-gnu/libnss_compat-2.15.so
7fd82d382000-7fd82d581000 ---p 00008000 07:00 882692                     /lib/x86_64-linux-gnu/libnss_compat-2.15.so
7fd82d581000-7fd82d582000 r--p 00007000 07:00 882692                     /lib/x86_64-linux-gnu/libnss_compat-2.15.so
7fd82d582000-7fd82d583000 rw-p 00008000 07:00 882692                     /lib/x86_64-linux-gnu/libnss_compat-2.15.so
7fd82d583000-7fd82d5ad000 r-xp 00000000 07:00 439366                     /usr/lib/jvm/jdk1.8.0/jre/lib/amd64/libjava.so
7fd82d5ad000-7fd82d7ad000 ---p 0002a000 07:00 439366                     /usr/lib/jvm/jdk1.8.0/jre/lib/amd64/libjava.so
7fd82d7ad000-7fd82d7af000 rw-p 0002a000 07:00 439366                     /usr/lib/jvm/jdk1.8.0/jre/lib/amd64/libjava.so
7fd82d7af000-7fd82d7bc000 r-xp 00000000 07:00 439379                     /usr/lib/jvm/jdk1.8.0/jre/lib/amd64/libverify.so
7fd82d7bc000-7fd82d9bc000 ---p 0000d000 07:00 439379                     /usr/lib/jvm/jdk1.8.0/jre/lib/amd64/libverify.so
7fd82d9bc000-7fd82d9be000 rw-p 0000d000 07:00 439379                     /usr/lib/jvm/jdk1.8.0/jre/lib/amd64/libverify.so
7fd82d9be000-7fd82d9c5000 r-xp 00000000 07:00 882697                     /lib/x86_64-linux-gnu/librt-2.15.so
7fd82d9c5000-7fd82dbc4000 ---p 00007000 07:00 882697                     /lib/x86_64-linux-gnu/librt-2.15.so
7fd82dbc4000-7fd82dbc5000 r--p 00006000 07:00 882697                     /lib/x86_64-linux-gnu/librt-2.15.so
7fd82dbc5000-7fd82dbc6000 rw-p 00007000 07:00 882697                     /lib/x86_64-linux-gnu/librt-2.15.so
7fd82dbc6000-7fd82dcc1000 r-xp 00000000 07:00 882701                     /lib/x86_64-linux-gnu/libm-2.15.so
7fd82dcc1000-7fd82dec0000 ---p 000fb000 07:00 882701                     /lib/x86_64-linux-gnu/libm-2.15.so
7fd82dec0000-7fd82dec1000 r--p 000fa000 07:00 882701                     /lib/x86_64-linux-gnu/libm-2.15.so
7fd82dec1000-7fd82dec2000 rw-p 000fb000 07:00 882701                     /lib/x86_64-linux-gnu/libm-2.15.so
7fd82dec2000-7fd82eb2f000 r-xp 00000000 07:00 442374                     /usr/lib/jvm/jdk1.8.0/jre/lib/amd64/server/libjvm.so
7fd82eb2f000-7fd82ed2e000 ---p 00c6d000 07:00 442374                     /usr/lib/jvm/jdk1.8.0/jre/lib/amd64/server/libjvm.so
7fd82ed2e000-7fd82ee04000 rw-p 00c6c000 07:00 442374                     /usr/lib/jvm/jdk1.8.0/jre/lib/amd64/server/libjvm.so
7fd82ee04000-7fd82ee47000 rw-p 00000000 00:00 0 
7fd82ee47000-7fd82effc000 r-xp 00000000 07:00 882690                     /lib/x86_64-linux-gnu/libc-2.15.so
7fd82effc000-7fd82f1fb000 ---p 001b5000 07:00 882690                     /lib/x86_64-linux-gnu/libc-2.15.so
7fd82f1fb000-7fd82f1ff000 r--p 001b4000 07:00 882690                     /lib/x86_64-linux-gnu/libc-2.15.so
7fd82f1ff000-7fd82f201000 rw-p 001b8000 07:00 882690                     /lib/x86_64-linux-gnu/libc-2.15.so
7fd82f201000-7fd82f206000 rw-p 00000000 00:00 0 
7fd82f206000-7fd82f208000 r-xp 00000000 07:00 882705                     /lib/x86_64-linux-gnu/libdl-2.15.so
7fd82f208000-7fd82f408000 ---p 00002000 07:00 882705                     /lib/x86_64-linux-gnu/libdl-2.15.so
7fd82f408000-7fd82f409000 r--p 00002000 07:00 882705                     /lib/x86_64-linux-gnu/libdl-2.15.so
7fd82f409000-7fd82f40a000 rw-p 00003000 07:00 882705                     /lib/x86_64-linux-gnu/libdl-2.15.so
7fd82f40a000-7fd82f41f000 r-xp 00000000 07:00 424047                     /usr/lib/jvm/jdk1.8.0/lib/amd64/jli/libjli.so
7fd82f41f000-7fd82f61e000 ---p 00015000 07:00 424047                     /usr/lib/jvm/jdk1.8.0/lib/amd64/jli/libjli.so
7fd82f61e000-7fd82f61f000 rw-p 00014000 07:00 424047                     /usr/lib/jvm/jdk1.8.0/lib/amd64/jli/libjli.so
7fd82f61f000-7fd82f637000 r-xp 00000000 07:00 882699                     /lib/x86_64-linux-gnu/libpthread-2.15.so
7fd82f637000-7fd82f836000 ---p 00018000 07:00 882699                     /lib/x86_64-linux-gnu/libpthread-2.15.so
7fd82f836000-7fd82f837000 r--p 00017000 07:00 882699                     /lib/x86_64-linux-gnu/libpthread-2.15.so
7fd82f837000-7fd82f838000 rw-p 00018000 07:00 882699                     /lib/x86_64-linux-gnu/libpthread-2.15.so
7fd82f838000-7fd82f83c000 rw-p 00000000 00:00 0 
7fd82f83c000-7fd82f85e000 r-xp 00000000 07:00 882702                     /lib/x86_64-linux-gnu/ld-2.15.so
7fd82f872000-7fd82f881000 r--s 000dd000 07:00 321806                     /home/roni/development/android-sdk-linux/build-tools/21.1.2/lib/dx.jar
7fd82f881000-7fd82f93f000 rw-p 00000000 00:00 0 
7fd82f93f000-7fd82f942000 ---p 00000000 00:00 0 
7fd82f942000-7fd82fa44000 rw-p 00000000 00:00 0                          [stack:9764]
7fd82fa4d000-7fd82fa4e000 rw-p 00000000 00:00 0 
7fd82fa4e000-7fd82fa52000 r--s 00093000 07:00 434428                     /usr/lib/jvm/jdk1.8.0/jre/lib/jsse.jar
7fd82fa52000-7fd82fa5a000 rw-s 00000000 07:00 367097                     /tmp/hsperfdata_roni/9755
7fd82fa5a000-7fd82fa5b000 rw-p 00000000 00:00 0 
7fd82fa5b000-7fd82fa5c000 ---p 00000000 00:00 0 
7fd82fa5c000-7fd82fa5e000 rw-p 00000000 00:00 0 
7fd82fa5e000-7fd82fa5f000 r--p 00022000 07:00 882702                     /lib/x86_64-linux-gnu/ld-2.15.so
7fd82fa5f000-7fd82fa61000 rw-p 00023000 07:00 882702                     /lib/x86_64-linux-gnu/ld-2.15.so
7fff4ce66000-7fff4ce87000 rw-p 00000000 00:00 0                          [stack]
7fff4ceb0000-7fff4ceb2000 r-xp 00000000 00:00 0                          [vdso]
ffffffffff600000-ffffffffff601000 r-xp 00000000 00:00 0                  [vsyscall]

VM Arguments:
jvm_args: -Xmx1024M 
java_command: /home/roni/development/android-sdk-linux/build-tools/21.1.2/lib/dx.jar --dex --no-optimize --output /home/roni/AndroidStudioProjects/ZETApp/app/build/intermediates/dex/debug --input-list=/home/roni/AndroidStudioProjects/ZETApp/app/build/intermediates/tmp/dex/debug/inputList.txt
java_class_path (initial): /home/roni/development/android-sdk-linux/build-tools/21.1.2/lib/dx.jar
Launcher Type: SUN_STANDARD

Environment Variables:
JAVA_HOME=/usr/lib/jvm/jdk1.8.0
CLASSPATH=./../lib/bootstrap.jar:./../lib/extensions.jar:./../lib/util.jar:./../lib/jdom.jar:./../lib/log4j.jar:./../lib/trove4j.jar:./../lib/jna.jar:/usr/lib/jvm/jdk1.8.0/lib/tools.jar
PATH=/usr/lib/lightdm/lightdm:/usr/local/sbin:/usr/local/bin:/usr/sbin:/usr/bin:/sbin:/bin:/usr/games:/home/roni/bin:/usr/lib/jvm/jdk1.7.0/bin:/home/roni/development/android-sdk-linux/tools:/home/roni/development/android-sdk-linux/platform-tools:/usr/lib/jvm/jdk1.8.0/bin:/home/roni/development/android-studio/bin
LD_LIBRARY_PATH=.:
SHELL=/bin/bash
DISPLAY=:0

Signal Handlers:
SIGSEGV: [libjvm.so+0xa79a80], sa_mask[0]=11111111011111111101111111111110, sa_flags=SA_RESTART|SA_SIGINFO
SIGBUS: [libjvm.so+0xa79a80], sa_mask[0]=11111111011111111101111111111110, sa_flags=SA_RESTART|SA_SIGINFO
SIGFPE: [libjvm.so+0x8e24e0], sa_mask[0]=11111111011111111101111111111110, sa_flags=SA_RESTART|SA_SIGINFO
SIGPIPE: [libjvm.so+0x8e24e0], sa_mask[0]=11111111011111111101111111111110, sa_flags=SA_RESTART|SA_SIGINFO
SIGXFSZ: [libjvm.so+0x8e24e0], sa_mask[0]=11111111011111111101111111111110, sa_flags=SA_RESTART|SA_SIGINFO
SIGILL: [libjvm.so+0x8e24e0], sa_mask[0]=11111111011111111101111111111110, sa_flags=SA_RESTART|SA_SIGINFO
SIGUSR1: SIG_DFL, sa_mask[0]=00000000000000000000000000000000, sa_flags=none
SIGUSR2: [libjvm.so+0x8e3d10], sa_mask[0]=00100000000000000000000000000000, sa_flags=SA_RESTART|SA_SIGINFO
SIGHUP: [libjvm.so+0x8e50d0], sa_mask[0]=11111111011111111101111111111110, sa_flags=SA_RESTART|SA_SIGINFO
SIGINT: [libjvm.so+0x8e50d0], sa_mask[0]=11111111011111111101111111111110, sa_flags=SA_RESTART|SA_SIGINFO
SIGTERM: [libjvm.so+0x8e50d0], sa_mask[0]=11111111011111111101111111111110, sa_flags=SA_RESTART|SA_SIGINFO
SIGQUIT: [libjvm.so+0x8e50d0], sa_mask[0]=11111111011111111101111111111110, sa_flags=SA_RESTART|SA_SIGINFO


---------------  S Y S T E M  ---------------

OS:DISTRIB_ID=Ubuntu
DISTRIB_RELEASE=12.04
DISTRIB_CODENAME=precise
DISTRIB_DESCRIPTION="Ubuntu 12.04.4 LTS"

uname:Linux 3.11.0-17-generic #31~precise1-Ubuntu SMP Tue Feb 4 21:25:43 UTC 2014 x86_64
libc:glibc 2.15 NPTL 2.15 
rlimit: STACK 8192k, CORE 0k, NPROC 23254, NOFILE 4096, AS infinity
load average:6.44 2.52 1.74

/proc/meminfo:
MemTotal:        2995696 kB
MemFree:           77184 kB
Buffers:            5912 kB
Cached:            13740 kB
SwapCached:         3456 kB
Active:          2198780 kB
Inactive:         558876 kB
Active(anon):    2192636 kB
Inactive(anon):   549280 kB
Active(file):       6144 kB
Inactive(file):     9596 kB
Unevictable:        2680 kB
Mlocked:               0 kB
SwapTotal:        262140 kB
SwapFree:              0 kB
Dirty:                44 kB
Writeback:             0 kB
AnonPages:       2737668 kB
Mapped:             7344 kB
Shmem:               988 kB
Slab:              53716 kB
SReclaimable:      23996 kB
SUnreclaim:        29720 kB
KernelStack:        4224 kB
PageTables:        32380 kB
NFS_Unstable:          0 kB
Bounce:                0 kB
WritebackTmp:          0 kB
CommitLimit:     1759988 kB
Committed_AS:    5095056 kB
VmallocTotal:   34359738367 kB
VmallocUsed:      288128 kB
VmallocChunk:   34359444548 kB
HardwareCorrupted:     0 kB
AnonHugePages:         0 kB
HugePages_Total:       0
HugePages_Free:        0
HugePages_Rsvd:        0
HugePages_Surp:        0
Hugepagesize:       2048 kB
DirectMap4k:       93132 kB
DirectMap2M:     2967552 kB


CPU:total 2 (2 cores per cpu, 1 threads per core) family 6 model 37 stepping 5, cmov, cx8, fxsr, mmx, sse, sse2, sse3, ssse3, popcnt, tsc, tscinvbit

/proc/cpuinfo:
processor	: 0
vendor_id	: GenuineIntel
cpu family	: 6
model		: 37
model name	: Intel(R) Pentium(R) CPU        P6100  @ 2.00GHz
stepping	: 5
microcode	: 0x2
cpu MHz		: 1333.000
cache size	: 3072 KB
physical id	: 0
siblings	: 2
core id		: 0
cpu cores	: 2
apicid		: 0
initial apicid	: 0
fpu		: yes
fpu_exception	: yes
cpuid level	: 11
wp		: yes
flags		: fpu vme de pse tsc msr pae mce cx8 apic sep mtrr pge mca cmov pat pse36 clflush dts acpi mmx fxsr sse sse2 ss ht tm pbe syscall nx rdtscp lm constant_tsc arch_perfmon pebs bts rep_good nopl xtopology nonstop_tsc aperfmperf pni dtes64 monitor ds_cpl est tm2 ssse3 cx16 xtpr pdcm pcid popcnt lahf_lm arat dtherm
bogomips	: 3989.86
clflush size	: 64
cache_alignment	: 64
address sizes	: 36 bits physical, 48 bits virtual
power management:

processor	: 1
vendor_id	: GenuineIntel
cpu family	: 6
model		: 37
model name	: Intel(R) Pentium(R) CPU        P6100  @ 2.00GHz
stepping	: 5
microcode	: 0x2
cpu MHz		: 1599.000
cache size	: 3072 KB
physical id	: 0
siblings	: 2
core id		: 2
cpu cores	: 2
apicid		: 4
initial apicid	: 4
fpu		: yes
fpu_exception	: yes
cpuid level	: 11
wp		: yes
flags		: fpu vme de pse tsc msr pae mce cx8 apic sep mtrr pge mca cmov pat pse36 clflush dts acpi mmx fxsr sse sse2 ss ht tm pbe syscall nx rdtscp lm constant_tsc arch_perfmon pebs bts rep_good nopl xtopology nonstop_tsc aperfmperf pni dtes64 monitor ds_cpl est tm2 ssse3 cx16 xtpr pdcm pcid popcnt lahf_lm arat dtherm
bogomips	: 3989.86
clflush size	: 64
cache_alignment	: 64
address sizes	: 36 bits physical, 48 bits virtual
power management:



Memory: 4k page, physical 2995696k(77184k free), swap 262140k(0k free)

vm_info: Java HotSpot(TM) 64-Bit Server VM (25.25-b02) for linux-amd64 JRE (1.8.0_25-b17), built on Sep 17 2014 17:32:11 by "java_re" with gcc 4.3.0 20080428 (Red Hat 4.3.0-8)

time: Fri Jan 23 13:52:00 2015
elapsed time: 39 seconds (0d 0h 0m 39s)

